This is pdfTeX, Version 3.14159265-2.6-1.40.16 (TeX Live 2015/Debian) (preloaded format=pdflatex 2016.1.14)  28 JAN 2016 05:42
entering extended mode
 restricted \write18 enabled.
 %&-line parsing enabled.
**master.tex
(./master.tex
LaTeX2e <2015/01/01>
Babel <3.9l> and hyphenation patterns for 7 languages loaded.
(/usr/share/texlive/texmf-dist/tex/latex/base/article.cls
Document Class: article 2014/09/29 v1.4h Standard LaTeX document class
(/usr/share/texlive/texmf-dist/tex/latex/base/size12.clo
File: size12.clo 2014/09/29 v1.4h Standard LaTeX file (size option)
)
\c@part=\count79
\c@section=\count80
\c@subsection=\count81
\c@subsubsection=\count82
\c@paragraph=\count83
\c@subparagraph=\count84
\c@figure=\count85
\c@table=\count86
\abovecaptionskip=\skip41
\belowcaptionskip=\skip42
\bibindent=\dimen102
)
(/usr/share/texlive/texmf-dist/tex/latex/ntgclass/a4.sty
Package: a4 2004/04/15 v1.2g A4 based page layout
)
(/usr/share/texlive/texmf-dist/tex/latex/amsfonts/amssymb.sty
Package: amssymb 2013/01/14 v3.01 AMS font symbols

(/usr/share/texlive/texmf-dist/tex/latex/amsfonts/amsfonts.sty
Package: amsfonts 2013/01/14 v3.01 Basic AMSFonts support
\@emptytoks=\toks14
\symAMSa=\mathgroup4
\symAMSb=\mathgroup5
LaTeX Font Info:    Overwriting math alphabet `\mathfrak' in version `bold'
(Font)                  U/euf/m/n --> U/euf/b/n on input line 106.
))
(/usr/share/texlive/texmf-dist/tex/latex/graphics/color.sty
Package: color 2014/10/28 v1.1a Standard LaTeX Color (DPC)

(/usr/share/texlive/texmf-dist/tex/latex/latexconfig/color.cfg
File: color.cfg 2007/01/18 v1.5 color configuration of teTeX/TeXLive
)
Package color Info: Driver file: pdftex.def on input line 142.

(/usr/share/texlive/texmf-dist/tex/latex/pdftex-def/pdftex.def
File: pdftex.def 2011/05/27 v0.06d Graphics/color for pdfTeX

(/usr/share/texlive/texmf-dist/tex/generic/oberdiek/infwarerr.sty
Package: infwarerr 2010/04/08 v1.3 Providing info/warning/error messages (HO)
)
(/usr/share/texlive/texmf-dist/tex/generic/oberdiek/ltxcmds.sty
Package: ltxcmds 2011/11/09 v1.22 LaTeX kernel commands for general use (HO)
)
\Gread@gobject=\count87
))
(/usr/share/texlive/texmf-dist/tex/latex/graphics/graphicx.sty
Package: graphicx 2014/10/28 v1.0g Enhanced LaTeX Graphics (DPC,SPQR)

(/usr/share/texlive/texmf-dist/tex/latex/graphics/keyval.sty
Package: keyval 2014/10/28 v1.15 key=value parser (DPC)
\KV@toks@=\toks15
)
(/usr/share/texlive/texmf-dist/tex/latex/graphics/graphics.sty
Package: graphics 2014/10/28 v1.0p Standard LaTeX Graphics (DPC,SPQR)

(/usr/share/texlive/texmf-dist/tex/latex/graphics/trig.sty
Package: trig 1999/03/16 v1.09 sin cos tan (DPC)
)
(/usr/share/texlive/texmf-dist/tex/latex/latexconfig/graphics.cfg
File: graphics.cfg 2010/04/23 v1.9 graphics configuration of TeX Live
)
Package graphics Info: Driver file: pdftex.def on input line 94.
)
\Gin@req@height=\dimen103
\Gin@req@width=\dimen104
)
(/usr/share/texlive/texmf-dist/tex/generic/babel/babel.sty
Package: babel 2014/09/25 3.9l The Babel package

(/usr/share/texlive/texmf-dist/tex/generic/babel-german/ngerman.ldf
Language: ngerman 2013/12/13 v2.7 German support for babel (new orthography)

(/usr/share/texlive/texmf-dist/tex/generic/babel-german/ngermanb.ldf
Language: ngermanb 2013/12/13 v2.7 German support for babel (new orthography)

(/usr/share/texlive/texmf-dist/tex/generic/babel/babel.def
File: babel.def 2014/09/25 3.9l Babel common definitions
\babel@savecnt=\count88
\U@D=\dimen105
)
\l@naustrian = a dialect from \language\l@ngerman 
\l@nswissgerman = a dialect from \language\l@ngerman 
Package babel Info: Making " an active character on input line 88.
)))
(/usr/share/texlive/texmf-dist/tex/latex/base/fontenc.sty
Package: fontenc 2005/09/27 v1.99g Standard LaTeX package

(/usr/share/texlive/texmf-dist/tex/latex/base/t1enc.def
File: t1enc.def 2005/09/27 v1.99g Standard LaTeX file
LaTeX Font Info:    Redeclaring font encoding T1 on input line 48.
))
(/usr/share/texlive/texmf-dist/tex/latex/ae/ae.sty
Package: ae 2001/02/12 1.3 Almost European Computer Modern

(/usr/share/texlive/texmf-dist/tex/latex/base/fontenc.sty
Package: fontenc 2005/09/27 v1.99g Standard LaTeX package

(/usr/share/texlive/texmf-dist/tex/latex/base/t1enc.def
File: t1enc.def 2005/09/27 v1.99g Standard LaTeX file
LaTeX Font Info:    Redeclaring font encoding T1 on input line 48.
)
LaTeX Font Info:    Try loading font information for T1+aer on input line 105.

(/usr/share/texlive/texmf-dist/tex/latex/ae/t1aer.fd
File: t1aer.fd 1997/11/16 Font definitions for T1/aer.
)))
(/usr/share/texlive/texmf-dist/tex/latex/ae/aecompl.sty
Package: aecompl 1998/07/23 0.9 T1 Complements for AE fonts (D. Roegel)
)
(/usr/share/texlive/texmf-dist/tex/latex/base/inputenc.sty
Package: inputenc 2015/03/17 v1.2c Input encoding file
\inpenc@prehook=\toks16
\inpenc@posthook=\toks17

(/usr/share/texlive/texmf-dist/tex/latex/base/utf8.def
File: utf8.def 2014/09/29 v1.1m UTF-8 support for inputenc
Now handling font encoding OML ...
... no UTF-8 mapping file for font encoding OML
Now handling font encoding T1 ...
... processing UTF-8 mapping file for font encoding T1

(/usr/share/texlive/texmf-dist/tex/latex/base/t1enc.dfu
File: t1enc.dfu 2014/09/29 v1.1m UTF-8 support for inputenc
   defining Unicode char U+00A1 (decimal 161)
   defining Unicode char U+00A3 (decimal 163)
   defining Unicode char U+00AB (decimal 171)
   defining Unicode char U+00BB (decimal 187)
   defining Unicode char U+00BF (decimal 191)
   defining Unicode char U+00C0 (decimal 192)
   defining Unicode char U+00C1 (decimal 193)
   defining Unicode char U+00C2 (decimal 194)
   defining Unicode char U+00C3 (decimal 195)
   defining Unicode char U+00C4 (decimal 196)
   defining Unicode char U+00C5 (decimal 197)
   defining Unicode char U+00C6 (decimal 198)
   defining Unicode char U+00C7 (decimal 199)
   defining Unicode char U+00C8 (decimal 200)
   defining Unicode char U+00C9 (decimal 201)
   defining Unicode char U+00CA (decimal 202)
   defining Unicode char U+00CB (decimal 203)
   defining Unicode char U+00CC (decimal 204)
   defining Unicode char U+00CD (decimal 205)
   defining Unicode char U+00CE (decimal 206)
   defining Unicode char U+00CF (decimal 207)
   defining Unicode char U+00D0 (decimal 208)
   defining Unicode char U+00D1 (decimal 209)
   defining Unicode char U+00D2 (decimal 210)
   defining Unicode char U+00D3 (decimal 211)
   defining Unicode char U+00D4 (decimal 212)
   defining Unicode char U+00D5 (decimal 213)
   defining Unicode char U+00D6 (decimal 214)
   defining Unicode char U+00D8 (decimal 216)
   defining Unicode char U+00D9 (decimal 217)
   defining Unicode char U+00DA (decimal 218)
   defining Unicode char U+00DB (decimal 219)
   defining Unicode char U+00DC (decimal 220)
   defining Unicode char U+00DD (decimal 221)
   defining Unicode char U+00DE (decimal 222)
   defining Unicode char U+00DF (decimal 223)
   defining Unicode char U+00E0 (decimal 224)
   defining Unicode char U+00E1 (decimal 225)
   defining Unicode char U+00E2 (decimal 226)
   defining Unicode char U+00E3 (decimal 227)
   defining Unicode char U+00E4 (decimal 228)
   defining Unicode char U+00E5 (decimal 229)
   defining Unicode char U+00E6 (decimal 230)
   defining Unicode char U+00E7 (decimal 231)
   defining Unicode char U+00E8 (decimal 232)
   defining Unicode char U+00E9 (decimal 233)
   defining Unicode char U+00EA (decimal 234)
   defining Unicode char U+00EB (decimal 235)
   defining Unicode char U+00EC (decimal 236)
   defining Unicode char U+00ED (decimal 237)
   defining Unicode char U+00EE (decimal 238)
   defining Unicode char U+00EF (decimal 239)
   defining Unicode char U+00F0 (decimal 240)
   defining Unicode char U+00F1 (decimal 241)
   defining Unicode char U+00F2 (decimal 242)
   defining Unicode char U+00F3 (decimal 243)
   defining Unicode char U+00F4 (decimal 244)
   defining Unicode char U+00F5 (decimal 245)
   defining Unicode char U+00F6 (decimal 246)
   defining Unicode char U+00F8 (decimal 248)
   defining Unicode char U+00F9 (decimal 249)
   defining Unicode char U+00FA (decimal 250)
   defining Unicode char U+00FB (decimal 251)
   defining Unicode char U+00FC (decimal 252)
   defining Unicode char U+00FD (decimal 253)
   defining Unicode char U+00FE (decimal 254)
   defining Unicode char U+00FF (decimal 255)
   defining Unicode char U+0102 (decimal 258)
   defining Unicode char U+0103 (decimal 259)
   defining Unicode char U+0104 (decimal 260)
   defining Unicode char U+0105 (decimal 261)
   defining Unicode char U+0106 (decimal 262)
   defining Unicode char U+0107 (decimal 263)
   defining Unicode char U+010C (decimal 268)
   defining Unicode char U+010D (decimal 269)
   defining Unicode char U+010E (decimal 270)
   defining Unicode char U+010F (decimal 271)
   defining Unicode char U+0110 (decimal 272)
   defining Unicode char U+0111 (decimal 273)
   defining Unicode char U+0118 (decimal 280)
   defining Unicode char U+0119 (decimal 281)
   defining Unicode char U+011A (decimal 282)
   defining Unicode char U+011B (decimal 283)
   defining Unicode char U+011E (decimal 286)
   defining Unicode char U+011F (decimal 287)
   defining Unicode char U+0130 (decimal 304)
   defining Unicode char U+0131 (decimal 305)
   defining Unicode char U+0132 (decimal 306)
   defining Unicode char U+0133 (decimal 307)
   defining Unicode char U+0139 (decimal 313)
   defining Unicode char U+013A (decimal 314)
   defining Unicode char U+013D (decimal 317)
   defining Unicode char U+013E (decimal 318)
   defining Unicode char U+0141 (decimal 321)
   defining Unicode char U+0142 (decimal 322)
   defining Unicode char U+0143 (decimal 323)
   defining Unicode char U+0144 (decimal 324)
   defining Unicode char U+0147 (decimal 327)
   defining Unicode char U+0148 (decimal 328)
   defining Unicode char U+014A (decimal 330)
   defining Unicode char U+014B (decimal 331)
   defining Unicode char U+0150 (decimal 336)
   defining Unicode char U+0151 (decimal 337)
   defining Unicode char U+0152 (decimal 338)
   defining Unicode char U+0153 (decimal 339)
   defining Unicode char U+0154 (decimal 340)
   defining Unicode char U+0155 (decimal 341)
   defining Unicode char U+0158 (decimal 344)
   defining Unicode char U+0159 (decimal 345)
   defining Unicode char U+015A (decimal 346)
   defining Unicode char U+015B (decimal 347)
   defining Unicode char U+015E (decimal 350)
   defining Unicode char U+015F (decimal 351)
   defining Unicode char U+0160 (decimal 352)
   defining Unicode char U+0161 (decimal 353)
   defining Unicode char U+0162 (decimal 354)
   defining Unicode char U+0163 (decimal 355)
   defining Unicode char U+0164 (decimal 356)
   defining Unicode char U+0165 (decimal 357)
   defining Unicode char U+016E (decimal 366)
   defining Unicode char U+016F (decimal 367)
   defining Unicode char U+0170 (decimal 368)
   defining Unicode char U+0171 (decimal 369)
   defining Unicode char U+0178 (decimal 376)
   defining Unicode char U+0179 (decimal 377)
   defining Unicode char U+017A (decimal 378)
   defining Unicode char U+017B (decimal 379)
   defining Unicode char U+017C (decimal 380)
   defining Unicode char U+017D (decimal 381)
   defining Unicode char U+017E (decimal 382)
   defining Unicode char U+200C (decimal 8204)
   defining Unicode char U+2013 (decimal 8211)
   defining Unicode char U+2014 (decimal 8212)
   defining Unicode char U+2018 (decimal 8216)
   defining Unicode char U+2019 (decimal 8217)
   defining Unicode char U+201A (decimal 8218)
   defining Unicode char U+201C (decimal 8220)
   defining Unicode char U+201D (decimal 8221)
   defining Unicode char U+201E (decimal 8222)
   defining Unicode char U+2030 (decimal 8240)
   defining Unicode char U+2031 (decimal 8241)
   defining Unicode char U+2039 (decimal 8249)
   defining Unicode char U+203A (decimal 8250)
   defining Unicode char U+2423 (decimal 9251)
)
Now handling font encoding OT1 ...
... processing UTF-8 mapping file for font encoding OT1

(/usr/share/texlive/texmf-dist/tex/latex/base/ot1enc.dfu
File: ot1enc.dfu 2014/09/29 v1.1m UTF-8 support for inputenc
   defining Unicode char U+00A1 (decimal 161)
   defining Unicode char U+00A3 (decimal 163)
   defining Unicode char U+00B8 (decimal 184)
   defining Unicode char U+00BF (decimal 191)
   defining Unicode char U+00C5 (decimal 197)
   defining Unicode char U+00C6 (decimal 198)
   defining Unicode char U+00D8 (decimal 216)
   defining Unicode char U+00DF (decimal 223)
   defining Unicode char U+00E6 (decimal 230)
   defining Unicode char U+00EC (decimal 236)
   defining Unicode char U+00ED (decimal 237)
   defining Unicode char U+00EE (decimal 238)
   defining Unicode char U+00EF (decimal 239)
   defining Unicode char U+00F8 (decimal 248)
   defining Unicode char U+0131 (decimal 305)
   defining Unicode char U+0141 (decimal 321)
   defining Unicode char U+0142 (decimal 322)
   defining Unicode char U+0152 (decimal 338)
   defining Unicode char U+0153 (decimal 339)
   defining Unicode char U+2013 (decimal 8211)
   defining Unicode char U+2014 (decimal 8212)
   defining Unicode char U+2018 (decimal 8216)
   defining Unicode char U+2019 (decimal 8217)
   defining Unicode char U+201C (decimal 8220)
   defining Unicode char U+201D (decimal 8221)
)
Now handling font encoding OMS ...
... processing UTF-8 mapping file for font encoding OMS

(/usr/share/texlive/texmf-dist/tex/latex/base/omsenc.dfu
File: omsenc.dfu 2014/09/29 v1.1m UTF-8 support for inputenc
   defining Unicode char U+00A7 (decimal 167)
   defining Unicode char U+00B6 (decimal 182)
   defining Unicode char U+00B7 (decimal 183)
   defining Unicode char U+2020 (decimal 8224)
   defining Unicode char U+2021 (decimal 8225)
   defining Unicode char U+2022 (decimal 8226)
)
Now handling font encoding OMX ...
... no UTF-8 mapping file for font encoding OMX
Now handling font encoding U ...
... no UTF-8 mapping file for font encoding U
   defining Unicode char U+00A9 (decimal 169)
   defining Unicode char U+00AA (decimal 170)
   defining Unicode char U+00AE (decimal 174)
   defining Unicode char U+00BA (decimal 186)
   defining Unicode char U+02C6 (decimal 710)
   defining Unicode char U+02DC (decimal 732)
   defining Unicode char U+200C (decimal 8204)
   defining Unicode char U+2026 (decimal 8230)
   defining Unicode char U+2122 (decimal 8482)
   defining Unicode char U+2423 (decimal 9251)
))
(/usr/share/texlive/texmf-dist/tex/latex/cancel/cancel.sty
Package: cancel 2013/04/12 v2.2 Cancel math terms
)
(/usr/share/texlive/texmf-dist/tex/latex/fancyvrb/fancyvrb.sty
Package: fancyvrb 2008/02/07

Style option: `fancyvrb' v2.7a, with DG/SPQR fixes, and firstline=lastline fix 
<2008/02/07> (tvz)
\FV@CodeLineNo=\count89
\FV@InFile=\read1
\FV@TabBox=\box26
\c@FancyVerbLine=\count90
\FV@StepNumber=\count91
\FV@OutFile=\write3
)
(/usr/share/texlive/texmf-dist/tex/latex/amsmath/amsmath.sty
Package: amsmath 2013/01/14 v2.14 AMS math features
\@mathmargin=\skip43

For additional information on amsmath, use the `?' option.
(/usr/share/texlive/texmf-dist/tex/latex/amsmath/amstext.sty
Package: amstext 2000/06/29 v2.01

(/usr/share/texlive/texmf-dist/tex/latex/amsmath/amsgen.sty
File: amsgen.sty 1999/11/30 v2.0
\@emptytoks=\toks18
\ex@=\dimen106
))
(/usr/share/texlive/texmf-dist/tex/latex/amsmath/amsbsy.sty
Package: amsbsy 1999/11/29 v1.2d
\pmbraise@=\dimen107
)
(/usr/share/texlive/texmf-dist/tex/latex/amsmath/amsopn.sty
Package: amsopn 1999/12/14 v2.01 operator names
)
\inf@bad=\count92
LaTeX Info: Redefining \frac on input line 210.
\uproot@=\count93
\leftroot@=\count94
LaTeX Info: Redefining \overline on input line 306.
\classnum@=\count95
\DOTSCASE@=\count96
LaTeX Info: Redefining \ldots on input line 378.
LaTeX Info: Redefining \dots on input line 381.
LaTeX Info: Redefining \cdots on input line 466.
\Mathstrutbox@=\box27
\strutbox@=\box28
\big@size=\dimen108
LaTeX Font Info:    Redeclaring font encoding OML on input line 566.
LaTeX Font Info:    Redeclaring font encoding OMS on input line 567.
\macc@depth=\count97
\c@MaxMatrixCols=\count98
\dotsspace@=\muskip10
\c@parentequation=\count99
\dspbrk@lvl=\count100
\tag@help=\toks19
\row@=\count101
\column@=\count102
\maxfields@=\count103
\andhelp@=\toks20
\eqnshift@=\dimen109
\alignsep@=\dimen110
\tagshift@=\dimen111
\tagwidth@=\dimen112
\totwidth@=\dimen113
\lineht@=\dimen114
\@envbody=\toks21
\multlinegap=\skip44
\multlinetaggap=\skip45
\mathdisplay@stack=\toks22
LaTeX Info: Redefining \[ on input line 2665.
LaTeX Info: Redefining \] on input line 2666.
)
(/usr/share/texlive/texmf-dist/tex/latex/oberdiek/epstopdf.sty
Package: epstopdf 2010/02/09 v2.5 Conversion with epstopdf on the fly (HO)

(/usr/share/texlive/texmf-dist/tex/latex/oberdiek/epstopdf-base.sty
Package: epstopdf-base 2010/02/09 v2.5 Base part for package epstopdf

(/usr/share/texlive/texmf-dist/tex/latex/oberdiek/grfext.sty
Package: grfext 2010/08/19 v1.1 Manage graphics extensions (HO)

(/usr/share/texlive/texmf-dist/tex/generic/oberdiek/kvdefinekeys.sty
Package: kvdefinekeys 2011/04/07 v1.3 Define keys (HO)
))
(/usr/share/texlive/texmf-dist/tex/latex/oberdiek/kvoptions.sty
Package: kvoptions 2011/06/30 v3.11 Key value format for package options (HO)

(/usr/share/texlive/texmf-dist/tex/generic/oberdiek/kvsetkeys.sty
Package: kvsetkeys 2012/04/25 v1.16 Key value parser (HO)

(/usr/share/texlive/texmf-dist/tex/generic/oberdiek/etexcmds.sty
Package: etexcmds 2011/02/16 v1.5 Avoid name clashes with e-TeX commands (HO)

(/usr/share/texlive/texmf-dist/tex/generic/oberdiek/ifluatex.sty
Package: ifluatex 2010/03/01 v1.3 Provides the ifluatex switch (HO)
Package ifluatex Info: LuaTeX not detected.
)
Package etexcmds Info: Could not find \expanded.
(etexcmds)             That can mean that you are not using pdfTeX 1.50 or
(etexcmds)             that some package has redefined \expanded.
(etexcmds)             In the latter case, load this package earlier.
)))
(/usr/share/texlive/texmf-dist/tex/generic/oberdiek/pdftexcmds.sty
Package: pdftexcmds 2011/11/29 v0.20 Utility functions of pdfTeX for LuaTeX (HO
)

(/usr/share/texlive/texmf-dist/tex/generic/oberdiek/ifpdf.sty
Package: ifpdf 2011/01/30 v2.3 Provides the ifpdf switch (HO)
Package ifpdf Info: pdfTeX in PDF mode is detected.
)
Package pdftexcmds Info: LuaTeX not detected.
Package pdftexcmds Info: \pdf@primitive is available.
Package pdftexcmds Info: \pdf@ifprimitive is available.
Package pdftexcmds Info: \pdfdraftmode found.
)
Package grfext Info: Graphics extension search list:
(grfext)             [.png,.pdf,.jpg,.mps,.jpeg,.jbig2,.jb2,.PNG,.PDF,.JPG,.JPE
G,.JBIG2,.JB2,.eps]
(grfext)             \AppendGraphicsExtensions on input line 452.

(/usr/share/texlive/texmf-dist/tex/latex/latexconfig/epstopdf-sys.cfg
File: epstopdf-sys.cfg 2010/07/13 v1.3 Configuration of (r)epstopdf for TeX Liv
e
)))
(/usr/share/texlive/texmf-dist/tex/latex/fancyhdr/fancyhdr.sty
\fancy@headwidth=\skip46
\f@ncyO@elh=\skip47
\f@ncyO@erh=\skip48
\f@ncyO@olh=\skip49
\f@ncyO@orh=\skip50
\f@ncyO@elf=\skip51
\f@ncyO@erf=\skip52
\f@ncyO@olf=\skip53
\f@ncyO@orf=\skip54
)

Package Fancyhdr Warning: \fancyfoot's `E' option without twoside option is use
less on input line 22.

(/usr/share/texlive/texmf-dist/tex/latex/ccaption/ccaption.sty
Package: ccaption 2011/08/07 v3.2c Extended captioning and new floats
\@contcwidth=\skip55
\@contindw=\skip56
\abovelegendskip=\skip57
\belowlegendskip=\skip58
\c@newflo@tctr=\count104
)
(/usr/share/texlive/texmf-dist/tex/latex/caption/subcaption.sty
Package: subcaption 2013/02/03 v1.1-62 Sub-captions (AR)

(/usr/share/texlive/texmf-dist/tex/latex/caption/caption.sty
Package: caption 2013/05/02 v3.3-89 Customizing captions (AR)

(/usr/share/texlive/texmf-dist/tex/latex/caption/caption3.sty
Package: caption3 2013/05/02 v1.6-88 caption3 kernel (AR)
Package caption3 Info: TeX engine: e-TeX on input line 57.
\captionmargin=\dimen115
\captionmargin@=\dimen116
\captionwidth=\dimen117
\caption@tempdima=\dimen118
\caption@indent=\dimen119
\caption@parindent=\dimen120
\caption@hangindent=\dimen121
Package caption Info: Unknown document class (or package),
(caption)             standard defaults will be used.
)

Package caption Warning: Unsupported document class (or package) detected,
(caption)                usage of the caption package is not recommended.
See the caption package documentation for explanation.

Package caption Info: \@makecaption = \long macro:#1#2->\let \@conttempa \relax
 \ifdim \prevdepth >-99\p@ \vskip \abovecaptionskip \else \def \@conttempa {\vb
ox to\topskip {}}\fi \let \@contfnote \footnote \renewcommand {\footnote }[2][]
{} \let \@contfmark \footnotemark \renewcommand {\footnotemark }[1][]{} \let \@
contlabel \label \renewcommand {\label }[1]{} \sbox \@tempboxa {\@contnfont #1\
@contdelim \@conttfont #2} \let \footnote \@contfnote \let \footnotemark \@cont
fmark \let \label \@contlabel \ifdim \wd \@tempboxa <\linewidth \centering \fi 
\if@contcw \centering \parbox {\@contcwidth }{\fi \if@conthang \sbox \@tempboxa
 {\@contnfont #1\@contdelim } \@contpre {\@contnfont #1\@contdelim }\@conttempa
 {\@contcstyle \hangindent =\wd \@tempboxa \hangafter =\@ne \@conttfont #2\par 
} \else \if@contindent \@contpre {\@contnfont #1\@contdelim }\@conttempa {\@con
tcstyle \hangindent =\@contindw \hangafter =\@ne \@conttfont #2\par } \else \@c
ontpre {\@contnfont #1\@contdelim }\@conttempa {\@contcstyle \@conttfont #2\par
 } \fi \fi \@contpost \if@contcw \par } \fi \vskip \belowcaptionskip .
\c@ContinuedFloat=\count105
)
\c@subfigure=\count106
\c@subtable=\count107
) (./master.aux)
\openout1 = `master.aux'.

LaTeX Font Info:    Checking defaults for OML/cmm/m/it on input line 41.
LaTeX Font Info:    ... okay on input line 41.
LaTeX Font Info:    Checking defaults for T1/cmr/m/n on input line 41.
LaTeX Font Info:    ... okay on input line 41.
LaTeX Font Info:    Checking defaults for OT1/cmr/m/n on input line 41.
LaTeX Font Info:    ... okay on input line 41.
LaTeX Font Info:    Checking defaults for OMS/cmsy/m/n on input line 41.
LaTeX Font Info:    ... okay on input line 41.
LaTeX Font Info:    Checking defaults for OMX/cmex/m/n on input line 41.
LaTeX Font Info:    ... okay on input line 41.
LaTeX Font Info:    Checking defaults for U/cmr/m/n on input line 41.
LaTeX Font Info:    ... okay on input line 41.
 (/usr/share/texlive/texmf-dist/tex/context/base/supp-pdf.mkii
[Loading MPS to PDF converter (version 2006.09.02).]
\scratchcounter=\count108
\scratchdimen=\dimen122
\scratchbox=\box29
\nofMPsegments=\count109
\nofMParguments=\count110
\everyMPshowfont=\toks23
\MPscratchCnt=\count111
\MPscratchDim=\dimen123
\MPnumerator=\count112
\makeMPintoPDFobject=\count113
\everyMPtoPDFconversion=\toks24
)
Package caption Info: Begin \AtBeginDocument code.
Package caption Info: End \AtBeginDocument code.


! LaTeX Error: File `georg' not found.

See the LaTeX manual or LaTeX Companion for explanation.
Type  H <return>  for immediate help.
 ...                                              
                                                  
l.45  \includegraphics[height=2cm]{georg}
                                          \hfill
? 
LaTeX Font Info:    Try loading font information for U+msa on input line 65.
(/usr/share/texlive/texmf-dist/tex/latex/amsfonts/umsa.fd
File: umsa.fd 2013/01/14 v3.01 AMS symbols A
)
LaTeX Font Info:    Try loading font information for U+msb on input line 65.

(/usr/share/texlive/texmf-dist/tex/latex/amsfonts/umsb.fd
File: umsb.fd 2013/01/14 v3.01 AMS symbols B
)
LaTeX Font Info:    Try loading font information for T1+aett on input line 77.

(/usr/share/texlive/texmf-dist/tex/latex/ae/t1aett.fd
File: t1aett.fd 1997/11/16 Font definitions for T1/aett.
)
Underfull \hbox (badness 10000) in paragraph at lines 88--88

 []

[1

{/var/lib/texmf/fonts/map/pdftex/updmap/pdftex.map}] (./master.toc)
\tf@toc=\write4
\openout4 = `master.toc'.

 [1]
(./theo.tex

LaTeX Warning: Citation `Dem1' on page 1 undefined on input line 4.


LaTeX Warning: Citation `Campbell' on page 1 undefined on input line 16.


LaTeX Warning: Citation `Campbell' on page 1 undefined on input line 20.

! Undefined control sequence.
<recently read> \nonindent 
                           
l.21 \\ \nonindent
                  
? 
) (./aufb.tex

Package Fancyhdr Warning: \headheight is too small (12.0pt): 
 Make it at least 14.49998pt.
 We now make it that large for the rest of the document.
 This may cause the page layout to be inconsistent, however.

[1]) [2] (./durch.tex
Overfull \hbox (1.8791pt too wide) in paragraph at lines 3--10
\T1/aer/m/n/12 Um sich mit dem Si-mu-la-ti-ons-pro-gramm ver-traut zu ma-chen u
nd even-tu-el-le Schw‰-
 []


Package Fancyhdr Warning: \headheight is too small (14.49998pt): 
 Make it at least 14.89197pt.
 We now make it that large for the rest of the document.
 This may cause the page layout to be inconsistent, however.

[3]) (./ausw.tex
</home/winz3r/Documents/Protokolle/moleculardynamic/temp_cool__1n.pdf, id=31, 4
33.62pt x 289.08pt>
File: /home/winz3r/Documents/Protokolle/moleculardynamic/temp_cool__1n.pdf Grap
hic file (type pdf)

<use /home/winz3r/Documents/Protokolle/moleculardynamic/temp_cool__1n.pdf>
Package pdftex.def Info: /home/winz3r/Documents/Protokolle/moleculardynamic/tem
p_cool__1n.pdf used on input line 10.
(pdftex.def)             Requested size: 185.37119pt x 123.58298pt.

</home/winz3r/Documents/Protokolle/moleculardynamic/temp_cool__5n.pdf, id=32, 4
33.62pt x 289.08pt>
File: /home/winz3r/Documents/Protokolle/moleculardynamic/temp_cool__5n.pdf Grap
hic file (type pdf)

<use /home/winz3r/Documents/Protokolle/moleculardynamic/temp_cool__5n.pdf>
Package pdftex.def Info: /home/winz3r/Documents/Protokolle/moleculardynamic/tem
p_cool__5n.pdf used on input line 17.
(pdftex.def)             Requested size: 185.37119pt x 123.58298pt.

</home/winz3r/Documents/Protokolle/moleculardynamic/heatup_temp.pdf, id=33, 433
.62pt x 289.08pt>
File: /home/winz3r/Documents/Protokolle/moleculardynamic/heatup_temp.pdf Graphi
c file (type pdf)

<use /home/winz3r/Documents/Protokolle/moleculardynamic/heatup_temp.pdf>
Package pdftex.def Info: /home/winz3r/Documents/Protokolle/moleculardynamic/hea
tup_temp.pdf used on input line 24.
(pdftex.def)             Requested size: 267.75768pt x 178.51315pt.

</home/winz3r/Documents/Protokolle/moleculardynamic/pot_cool__1n.pdf, id=34, 43
3.62pt x 289.08pt>
File: /home/winz3r/Documents/Protokolle/moleculardynamic/pot_cool__1n.pdf Graph
ic file (type pdf)

<use /home/winz3r/Documents/Protokolle/moleculardynamic/pot_cool__1n.pdf>
Package pdftex.def Info: /home/winz3r/Documents/Protokolle/moleculardynamic/pot
_cool__1n.pdf used on input line 34.
(pdftex.def)             Requested size: 185.37119pt x 123.58298pt.

</home/winz3r/Documents/Protokolle/moleculardynamic/pot_cool__5n.pdf, id=35, 43
3.62pt x 289.08pt>
File: /home/winz3r/Documents/Protokolle/moleculardynamic/pot_cool__5n.pdf Graph
ic file (type pdf)

<use /home/winz3r/Documents/Protokolle/moleculardynamic/pot_cool__5n.pdf>
Package pdftex.def Info: /home/winz3r/Documents/Protokolle/moleculardynamic/pot
_cool__5n.pdf used on input line 41.
(pdftex.def)             Requested size: 185.37119pt x 123.58298pt.

</home/winz3r/Documents/Protokolle/moleculardynamic/heatup_pot.pdf, id=36, 433.
62pt x 289.08pt>
File: /home/winz3r/Documents/Protokolle/moleculardynamic/heatup_pot.pdf Graphic
 file (type pdf)

<use /home/winz3r/Documents/Protokolle/moleculardynamic/heatup_pot.pdf>
Package pdftex.def Info: /home/winz3r/Documents/Protokolle/moleculardynamic/hea
tup_pot.pdf used on input line 48.
(pdftex.def)             Requested size: 267.75768pt x 178.51315pt.


! LaTeX Error: There's no line here to end.

See the LaTeX manual or LaTeX Companion for explanation.
Type  H <return>  for immediate help.
 ...                                              
                                                  
l.55 \\ \noindent
                 
? 

LaTeX Warning: Citation `leastsquares' on page 4 undefined on input line 61.


LaTeX Warning: Citation `chemicalcrc' on page 4 undefined on input line 78.


LaTeX Warning: Citation `phasediagram' on page 4 undefined on input line 80.

[4] [5 </home/winz3r/Documents/Protokolle/moleculardynamic/temp_cool__1n.pdf> <
/home/winz3r/Documents/Protokolle/moleculardynamic/temp_cool__5n.pdf

pdfTeX warning: pdflatex (file /home/winz3r/Documents/Protokolle/moleculardynam
ic/temp_cool__5n.pdf): PDF inclusion: multiple pdfs with page group included in
 a single page
> </home/winz3r/Documents/Protokolle/moleculardynamic/heatup_temp.pdf

pdfTeX warning: pdflatex (file /home/winz3r/Documents/Protokolle/moleculardynam
ic/heatup_temp.pdf): PDF inclusion: multiple pdfs with page group included in a
 single page
>] [6 </home/winz3r/Documents/Protokolle/moleculardynamic/pot_cool__1n.pdf> </h
ome/winz3r/Documents/Protokolle/moleculardynamic/pot_cool__5n.pdf

pdfTeX warning: pdflatex (file /home/winz3r/Documents/Protokolle/moleculardynam
ic/pot_cool__5n.pdf): PDF inclusion: multiple pdfs with page group included in 
a single page
> </home/winz3r/Documents/Protokolle/moleculardynamic/heatup_pot.pdf

pdfTeX warning: pdflatex (file /home/winz3r/Documents/Protokolle/moleculardynam
ic/heatup_pot.pdf): PDF inclusion: multiple pdfs with page group included in a 
single page
>]

LaTeX Warning: Citation `phasediagram' on page 7 undefined on input line 90.


</home/winz3r/Documents/Protokolle/moleculardynamic/temp_cool_ui.pdf, id=247, 4
33.62pt x 289.08pt>
File: /home/winz3r/Documents/Protokolle/moleculardynamic/temp_cool_ui.pdf Graph
ic file (type pdf)

<use /home/winz3r/Documents/Protokolle/moleculardynamic/temp_cool_ui.pdf>
Package pdftex.def Info: /home/winz3r/Documents/Protokolle/moleculardynamic/tem
p_cool_ui.pdf used on input line 95.
(pdftex.def)             Requested size: 185.37119pt x 123.58298pt.

</home/winz3r/Documents/Protokolle/moleculardynamic/pot_cool_qui.pdf, id=248, 4
33.62pt x 289.08pt>
File: /home/winz3r/Documents/Protokolle/moleculardynamic/pot_cool_qui.pdf Graph
ic file (type pdf)

<use /home/winz3r/Documents/Protokolle/moleculardynamic/pot_cool_qui.pdf>
Package pdftex.def Info: /home/winz3r/Documents/Protokolle/moleculardynamic/pot
_cool_qui.pdf used on input line 99.
(pdftex.def)             Requested size: 185.37119pt x 123.58298pt.

</home/winz3r/Documents/Protokolle/moleculardynamic/nearest.pdf, id=249, 433.62
pt x 289.08pt>
File: /home/winz3r/Documents/Protokolle/moleculardynamic/nearest.pdf Graphic fi
le (type pdf)

<use /home/winz3r/Documents/Protokolle/moleculardynamic/nearest.pdf>
Package pdftex.def Info: /home/winz3r/Documents/Protokolle/moleculardynamic/nea
rest.pdf used on input line 107.
(pdftex.def)             Requested size: 308.95407pt x 205.98045pt.

! Argument of \caption@ydblarg has an extra }.
<inserted text> 
                \par 
l.107 ...d nach Ende der Simulation festgestellt.}
                                                  \label{fig:nearest}
? 
Runaway argument?
{\@caption \@captype }{\def \reserved@a *{\nobreak \@xcentercr }\reserved@a \ET
C.
! Paragraph ended before \caption@ydblarg was complete.
<to be read again> 
                   \par 
l.107 ...d nach Ende der Simulation festgestellt.}
                                                  \label{fig:nearest}
? 

</home/winz3r/Desktop/philip_vitali-06012016/protein/path3367.png, id=250, 289.
883pt x 380.622pt>
File: /home/winz3r/Desktop/philip_vitali-06012016/protein/path3367.png Graphic 
file (type png)

<use /home/winz3r/Desktop/philip_vitali-06012016/protein/path3367.png>
Package pdftex.def Info: /home/winz3r/Desktop/philip_vitali-06012016/protein/pa
th3367.png used on input line 122.
(pdftex.def)             Requested size: 247.16577pt x 324.54077pt.


LaTeX Warning: Reference `fig:rmpot' on page 7 undefined on input line 127.


</home/winz3r/Documents/Protokolle/moleculardynamic/rmsd.pdf, id=252, 433.62pt 
x 289.08pt>
File: /home/winz3r/Documents/Protokolle/moleculardynamic/rmsd.pdf Graphic file 
(type pdf)
 <use /home/winz3r/Documents/Protokolle/moleculardynamic/rmsd.pdf>
Package pdftex.def Info: /home/winz3r/Documents/Protokolle/moleculardynamic/rms
d.pdf used on input line 139.
(pdftex.def)             Requested size: 185.37119pt x 123.58298pt.

</home/winz3r/Documents/Protokolle/moleculardynamic/rmsf.pdf, id=253, 433.62pt 
x 289.08pt>
File: /home/winz3r/Documents/Protokolle/moleculardynamic/rmsf.pdf Graphic file 
(type pdf)
 <use /home/winz3r/Documents/Protokolle/moleculardynamic/rmsf.pdf>
Package pdftex.def Info: /home/winz3r/Documents/Protokolle/moleculardynamic/rms
f.pdf used on input line 143.
(pdftex.def)             Requested size: 185.37119pt x 123.58298pt.

</home/winz3r/Documents/Protokolle/moleculardynamic/rmspot.pdf, id=254, 433.62p
t x 289.08pt>
File: /home/winz3r/Documents/Protokolle/moleculardynamic/rmspot.pdf Graphic fil
e (type pdf)

<use /home/winz3r/Documents/Protokolle/moleculardynamic/rmspot.pdf>
Package pdftex.def Info: /home/winz3r/Documents/Protokolle/moleculardynamic/rms
pot.pdf used on input line 147.
(pdftex.def)             Requested size: 185.37119pt x 123.58298pt.

</home/winz3r/Documents/Protokolle/moleculardynamic/surface.pdf, id=255, 433.62
pt x 289.08pt>
File: /home/winz3r/Documents/Protokolle/moleculardynamic/surface.pdf Graphic fi
le (type pdf)

<use /home/winz3r/Documents/Protokolle/moleculardynamic/surface.pdf>
Package pdftex.def Info: /home/winz3r/Documents/Protokolle/moleculardynamic/sur
face.pdf used on input line 151.
(pdftex.def)             Requested size: 185.37119pt x 123.58298pt.

</home/winz3r/Documents/Protokolle/moleculardynamic/gyration.pdf, id=256, 433.6
2pt x 289.08pt>
File: /home/winz3r/Documents/Protokolle/moleculardynamic/gyration.pdf Graphic f
ile (type pdf)

<use /home/winz3r/Documents/Protokolle/moleculardynamic/gyration.pdf>
Package pdftex.def Info: /home/winz3r/Documents/Protokolle/moleculardynamic/gyr
ation.pdf used on input line 155.
(pdftex.def)             Requested size: 185.37119pt x 123.58298pt.

</home/winz3r/Desktop/philip_vitali-06012016/protein/plot_eps.png, id=257, 454.
498pt x 318.791pt>
File: /home/winz3r/Desktop/philip_vitali-06012016/protein/plot_eps.png Graphic 
file (type png)

<use /home/winz3r/Desktop/philip_vitali-06012016/protein/plot_eps.png>
Package pdftex.def Info: /home/winz3r/Desktop/philip_vitali-06012016/protein/pl
ot_eps.png used on input line 159.
(pdftex.def)             Requested size: 185.37119pt x 130.02414pt.

Underfull \hbox (badness 10000) in paragraph at lines 138--161
[]$[]$   $[]$
 []

[7 </home/winz3r/Documents/Protokolle/moleculardynamic/temp_cool_ui.pdf> </home
/winz3r/Documents/Protokolle/moleculardynamic/pot_cool_qui.pdf

pdfTeX warning: pdflatex (file /home/winz3r/Documents/Protokolle/moleculardynam
ic/pot_cool_qui.pdf): PDF inclusion: multiple pdfs with page group included in 
a single page
>]
</home/winz3r/Desktop/philip_vitali-06012016/pca/g3365.png, id=325, 456.907pt x
 464.134pt>
File: /home/winz3r/Desktop/philip_vitali-06012016/pca/g3365.png Graphic file (t
ype png)
 <use /home/winz3r/Desktop/philip_vitali-06012016/pca/g3365.png>
Package pdftex.def Info: /home/winz3r/Desktop/philip_vitali-06012016/pca/g3365.
png used on input line 175.
(pdftex.def)             Requested size: 247.16577pt x 251.08188pt.

[8 </home/winz3r/Documents/Protokolle/moleculardynamic/nearest.pdf>] [9 </home/
winz3r/Desktop/philip_vitali-06012016/protein/path3367.png>] [10 </home/winz3r/
Documents/Protokolle/moleculardynamic/rmsd.pdf> </home/winz3r/Documents/Protoko
lle/moleculardynamic/rmsf.pdf

pdfTeX warning: pdflatex (file /home/winz3r/Documents/Protokolle/moleculardynam
ic/rmsf.pdf): PDF inclusion: multiple pdfs with page group included in a single
 page
> </home/winz3r/Documents/Protokolle/moleculardynamic/rmspot.pdf

pdfTeX warning: pdflatex (file /home/winz3r/Documents/Protokolle/moleculardynam
ic/rmspot.pdf): PDF inclusion: multiple pdfs with page group included in a sing
le page
> </home/winz3r/Documents/Protokolle/moleculardynamic/surface.pdf

pdfTeX warning: pdflatex (file /home/winz3r/Documents/Protokolle/moleculardynam
ic/surface.pdf): PDF inclusion: multiple pdfs with page group included in a sin
gle page
> </home/winz3r/Documents/Protokolle/moleculardynamic/gyration.pdf

pdfTeX warning: pdflatex (file /home/winz3r/Documents/Protokolle/moleculardynam
ic/gyration.pdf): PDF inclusion: multiple pdfs with page group included in a si
ngle page
> </home/winz3r/Desktop/philip_vitali-06012016/protein/plot_eps.png>]
</home/winz3r/Documents/Protokolle/moleculardynamic/pca_comp.pdf, id=568, 433.6
2pt x 289.08pt>
File: /home/winz3r/Documents/Protokolle/moleculardynamic/pca_comp.pdf Graphic f
ile (type pdf)

<use /home/winz3r/Documents/Protokolle/moleculardynamic/pca_comp.pdf>
Package pdftex.def Info: /home/winz3r/Documents/Protokolle/moleculardynamic/pca
_comp.pdf used on input line 180.
(pdftex.def)             Requested size: 288.35587pt x 192.2446pt.

! Argument of \caption@ydblarg has an extra }.
<inserted text> 
                \par 
l.180 ...n entsprechen einer Varianz von 90.98\%.}
                                                  \label{fig:pca_val}
? 
Runaway argument?
{\@caption \@captype }{\def \reserved@a *{\nobreak \@xcentercr }\reserved@a \ET
C.
! Paragraph ended before \caption@ydblarg was complete.
<to be read again> 
                   \par 
l.180 ...n entsprechen einer Varianz von 90.98\%.}
                                                  \label{fig:pca_val}
? 

</home/winz3r/Documents/Protokolle/moleculardynamic/pca_val.pdf, id=569, 722.7p
t x 1228.59pt>
File: /home/winz3r/Documents/Protokolle/moleculardynamic/pca_val.pdf Graphic fi
le (type pdf)

<use /home/winz3r/Documents/Protokolle/moleculardynamic/pca_val.pdf>
Package pdftex.def Info: /home/winz3r/Documents/Protokolle/moleculardynamic/pca
_val.pdf used on input line 185.
(pdftex.def)             Requested size: 288.35587pt x 490.20876pt.

! Argument of \caption@ydblarg has an extra }.
<inserted text> 
                \par 
l.185 ...mponenten in Abh√§ngigkeit von der Zeit.}
                                                  \label{fig:pca_comp}
? 
Runaway argument?
{\@caption \@captype }{\def \reserved@a *{\nobreak \@xcentercr }\reserved@a \ET
C.
! Paragraph ended before \caption@ydblarg was complete.
<to be read again> 
                   \par 
l.185 ...mponenten in Abh√§ngigkeit von der Zeit.}
                                                  \label{fig:pca_comp}
? 

</home/winz3r/Documents/Protokolle/moleculardynamic/phasespace1.pdf, id=570, 50
5.89pt x 505.89pt>
File: /home/winz3r/Documents/Protokolle/moleculardynamic/phasespace1.pdf Graphi
c file (type pdf)

<use /home/winz3r/Documents/Protokolle/moleculardynamic/phasespace1.pdf>
Package pdftex.def Info: /home/winz3r/Documents/Protokolle/moleculardynamic/pha
sespace1.pdf used on input line 198.
(pdftex.def)             Requested size: 288.35587pt x 288.36029pt.

</home/winz3r/Documents/Protokolle/moleculardynamic/phasespace2.pdf, id=571, 50
5.89pt x 505.89pt>
File: /home/winz3r/Documents/Protokolle/moleculardynamic/phasespace2.pdf Graphi
c file (type pdf)

<use /home/winz3r/Documents/Protokolle/moleculardynamic/phasespace2.pdf>
Package pdftex.def Info: /home/winz3r/Documents/Protokolle/moleculardynamic/pha
sespace2.pdf used on input line 203.
(pdftex.def)             Requested size: 288.35587pt x 288.36029pt.
)
(./disk.tex

LaTeX Warning: Citation `phasediagram' on page 11 undefined on input line 8.


LaTeX Warning: Citation `chemicalcrc' on page 11 undefined on input line 22.

[11] [12 </home/winz3r/Desktop/philip_vitali-06012016/pca/g3365.png> </home/win
z3r/Documents/Protokolle/moleculardynamic/pca_comp.pdf>] [13 </home/winz3r/Docu
ments/Protokolle/moleculardynamic/pca_val.pdf>] [14 </home/winz3r/Documents/Pro
tokolle/moleculardynamic/phasespace1.pdf>] [15 </home/winz3r/Documents/Protokol
le/moleculardynamic/phasespace2.pdf>] [16]

LaTeX Warning: Reference `fig:rmpot' on page 17 undefined on input line 39.

) [17] [18] (./master.aux)

LaTeX Warning: There were undefined references.

 ) 
Here is how much of TeX's memory you used:
 5412 strings out of 494948
 80389 string characters out of 6178809
 154105 words of memory out of 5000000
 8447 multiletter control sequences out of 15000+600000
 41434 words of font info for 89 fonts, out of 8000000 for 9000
 14 hyphenation exceptions out of 8191
 42i,12n,43p,573b,475s stack positions out of 5000i,500n,10000p,200000b,80000s
</usr/share/texlive/texmf-dist/fonts/type1/public/amsfonts/cm/cmbx12.pfb></us
r/share/texlive/texmf-dist/fonts/type1/public/amsfonts/cm/cmex10.pfb></usr/shar
e/texlive/texmf-dist/fonts/type1/public/amsfonts/cm/cmmi12.pfb></usr/share/texl
ive/texmf-dist/fonts/type1/public/amsfonts/cm/cmmi8.pfb></usr/share/texlive/tex
mf-dist/fonts/type1/public/amsfonts/cm/cmr10.pfb></usr/share/texlive/texmf-dist
/fonts/type1/public/amsfonts/cm/cmr12.pfb></usr/share/texlive/texmf-dist/fonts/
type1/public/amsfonts/cm/cmr17.pfb></usr/share/texlive/texmf-dist/fonts/type1/p
ublic/amsfonts/cm/cmr8.pfb></usr/share/texlive/texmf-dist/fonts/type1/public/am
sfonts/cm/cmsl12.pfb></usr/share/texlive/texmf-dist/fonts/type1/public/amsfonts
/cm/cmsy10.pfb></usr/share/texlive/texmf-dist/fonts/type1/public/amsfonts/cm/cm
sy8.pfb></usr/share/texlive/texmf-dist/fonts/type1/public/amsfonts/cm/cmti12.pf
b></usr/share/texlive/texmf-dist/fonts/type1/public/amsfonts/cm/cmtt12.pfb>
Output written on master.pdf (20 pages, 1754446 bytes).
PDF statistics:
 793 PDF objects out of 1000 (max. 8388607)
 193 compressed objects within 2 object streams
 0 named destinations out of 1000 (max. 500000)
 106 words of extra memory for PDF output out of 10000 (max. 10000000)

