\BOOKMARK [1][-]{section.1}{Einleitung}{}% 1
\BOOKMARK [1][-]{section.2}{Theorie}{}% 2
\BOOKMARK [2][-]{subsection.2.1}{Van-der-Waals Gas}{section.2}% 3
\BOOKMARK [2][-]{subsection.2.2}{Proteine}{section.2}% 4
\BOOKMARK [2][-]{subsection.2.3}{Molekulardynamik Simulation}{section.2}% 5
\BOOKMARK [2][-]{subsection.2.4}{Principal Component Analysis}{section.2}% 6
\BOOKMARK [1][-]{section.3}{Durchf\374hrung}{}% 7
\BOOKMARK [2][-]{subsection.3.1}{Simulation von Argon}{section.3}% 8
\BOOKMARK [2][-]{subsection.3.2}{Simulation von Protein G B1}{section.3}% 9
\BOOKMARK [2][-]{subsection.3.3}{Analyse der Bewegung eines Proteins}{section.3}% 10
\BOOKMARK [1][-]{section.4}{Auswertung}{}% 11
\BOOKMARK [2][-]{subsection.4.1}{Simulation von Argon}{section.4}% 12
\BOOKMARK [3][-]{subsubsection.4.1.1}{Gasf\366rmiges Argon}{subsection.4.1}% 13
\BOOKMARK [3][-]{subsubsection.4.1.2}{Fl\374ssiges Argon}{subsection.4.1}% 14
\BOOKMARK [2][-]{subsection.4.2}{Simulation von Proteinen}{section.4}% 15
\BOOKMARK [3][-]{subsubsection.4.2.1}{Protein G B1}{subsection.4.2}% 16
\BOOKMARK [3][-]{subsubsection.4.2.2}{PCA von T4-Phagen Lysozym}{subsection.4.2}% 17
\BOOKMARK [1][-]{section.5}{Diskussion}{}% 18
\BOOKMARK [2][-]{subsection.5.1}{Simulation von Argon}{section.5}% 19
\BOOKMARK [2][-]{subsection.5.2}{Simulation des Proteins G B1}{section.5}% 20
\BOOKMARK [2][-]{subsection.5.3}{Analyse der Bewegung des Lysozyms}{section.5}% 21
