\BOOKMARK [1][-]{section.1}{Einleitung}{}% 1
\BOOKMARK [1][-]{section.2}{Theorie}{}% 2
\BOOKMARK [2][-]{subsection.2.1}{Rayleigh-B\351nard-Konvektion}{section.2}% 3
\BOOKMARK [2][-]{subsection.2.2}{Fluidmechanik und W\344rmetransport}{section.2}% 4
\BOOKMARK [1][-]{section.3}{Aufbau}{}% 5
\BOOKMARK [1][-]{section.4}{Durchf\374hrung}{}% 6
\BOOKMARK [2][-]{subsection.4.1}{Simulation}{section.4}% 7
\BOOKMARK [2][-]{subsection.4.2}{Experimentelle Betrachtung}{section.4}% 8
\BOOKMARK [3][-]{subsubsection.4.2.1}{Schattenwurfmethode}{subsection.4.2}% 9
\BOOKMARK [3][-]{subsubsection.4.2.2}{Beweglicher Thermistor}{subsection.4.2}% 10
\BOOKMARK [3][-]{subsubsection.4.2.3}{Thermistorarray}{subsection.4.2}% 11
\BOOKMARK [1][-]{section.5}{Auswertung}{}% 12
\BOOKMARK [2][-]{subsection.5.1}{Schattenspiel}{section.5}% 13
\BOOKMARK [2][-]{subsection.5.2}{Vorbereitung: Thermistor}{section.5}% 14
\BOOKMARK [2][-]{subsection.5.3}{Temperaturmessungen}{section.5}% 15
\BOOKMARK [2][-]{subsection.5.4}{Geschwindigkeitsprofile}{section.5}% 16
\BOOKMARK [2][-]{subsection.5.5}{Bestimmung der Nusselt-Zahl}{section.5}% 17
\BOOKMARK [1][-]{section.6}{Diskussion}{}% 18
\BOOKMARK [2][-]{subsection.6.1}{Schattenwurfmethode}{section.6}% 19
\BOOKMARK [2][-]{subsection.6.2}{Temperaturprofile}{section.6}% 20
\BOOKMARK [2][-]{subsection.6.3}{Geschwindigkeitsprofile}{section.6}% 21
\BOOKMARK [2][-]{subsection.6.4}{Bestimmung der Nusseltzahl}{section.6}% 22
\BOOKMARK [1][-]{appendix.A}{Stoffkonstanten}{}% 23
